<?xml version="1.0" encoding="UTF-8"?>
<testsuite xmlns:xsi="http://www.w3.org/2001/XMLSchema-instance" xsi:noNamespaceSchemaLocation="https://maven.apache.org/surefire/maven-surefire-plugin/xsd/surefire-test-report-3.0.xsd" version="3.0" name="TestSuite" time="49.879" tests="2" errors="0" skipped="0" failures="1">
  <properties>
[...]
</properties>
  <testcase name="runScenario[&quot;verify title of page&quot;, &quot;Home page functionality&quot;](1)" classname="executions.amazonrunner" time="28.469">
    <failure message="expected [true] but found [false]" type="java.lang.AssertionError"><![CDATA[java.lang.AssertionError: expected [true] but found [false]
	at org.testng.Assert.fail(Assert.java:110)
	at org.testng.Assert.failNotEquals(Assert.java:1577)
	at org.testng.Assert.assertTrue(Assert.java:56)
	at org.testng.Assert.assertTrue(Assert.java:66)
	at executions.Homepagesteps.page_title_should_contains(Homepagesteps.java:30)
	at ✽.page title should contains "Shoppping"(classpath:Executions/Homepage.feature:6)
]]></failure>
    <system-out><![CDATA[
@Sanity
Scenario: verify title of page                &amp#27;[90m# Executions/Homepage.feature:4&amp#27;[0m
/home/seleniumtestframework//src/test//resources//amaz.properties
Browser Received from Maven is :chrome
  &amp#27;[32mGiven &amp#27;[0m&amp#27;[32muser is at the landing page&amp#27;[0m           &amp#27;[90m# executions.Homepagesteps.user_is_at_the_landing_page()&amp#27;[0m
  &amp#27;[31mThen &amp#27;[0m&amp#27;[31mpage title should contains &amp#27;[0m&amp#27;[31m&amp#27;[1m"Shoppping"&amp#27;[0m &amp#27;[90m# executions.Homepagesteps.page_title_should_contains(java.lang.String)&amp#27;[0m
      &amp#27;[31mjava.lang.AssertionError: expected [true] but found [false]
	at org.testng.Assert.fail(Assert.java:110)
	at org.testng.Assert.failNotEquals(Assert.java:1577)
	at org.testng.Assert.assertTrue(Assert.java:56)
	at org.testng.Assert.assertTrue(Assert.java:66)
	at executions.Homepagesteps.page_title_should_contains(Homepagesteps.java:30)
	at ✽.page title should contains "Shoppping"(classpath:Executions/Homepage.feature:6)
&amp#27;[0m

    Embedding verify_title_of_page [image/png 599839 bytes]

]]></system-out>
    <system-err><![CDATA[SLF4J: Failed to load class "org.slf4j.impl.StaticLoggerBinder".
SLF4J: Defaulting to no-operation (NOP) logger implementation
SLF4J: See http://www.slf4j.org/codes.html#StaticLoggerBinder for further details.
Feb 14, 2024 6:10:26 AM org.openqa.selenium.remote.tracing.opentelemetry.OpenTelemetryTracer createTracer
INFO: Using OpenTelemetry for tracing
]]></system-err>
  </testcase>
  <testcase name="runScenario[&quot;verify cart icon&quot;, &quot;Home page functionality&quot;](2)" classname="executions.amazonrunner" time="11.99">
    <system-out><![CDATA[
@Sanity
Scenario: verify cart icon          &amp#27;[90m# Executions/Homepage.feature:9&amp#27;[0m
/home/seleniumtestframework//src/test//resources//amaz.properties
Browser Received from Maven is :chrome
  &amp#27;[32mGiven &amp#27;[0m&amp#27;[32muser is at the landing page&amp#27;[0m &amp#27;[90m# executions.Homepagesteps.user_is_at_the_landing_page()&amp#27;[0m
  &amp#27;[32mThen &amp#27;[0m&amp#27;[32mcart icon should get display&amp#27;[0m &amp#27;[90m# executions.Homepagesteps.cart_icon_should_get_display()&amp#27;[0m
]]></system-out>
  </testcase>
</testsuite>